2022-06-14 02:05:52 INFO  CertificateController:100 - Successfully created certificate: admin@gmail.com
    2022-06-14 19:24:18 INFO  CertificateController:38 - Successfully found all certificates by user: admin@gmail.com
    2022-06-14 19:25:05 INFO  CertificateController:38 - Successfully found all certificates by user: admin@gmail.com
    2022-06-14 19:26:19 INFO  CertificateController:38 - Successfully found all certificates by user: admin@gmail.com
    2022-06-14 19:27:13 INFO  CertificateController:38 - Successfully found all certificates by user: admin@gmail.com
    2022-06-14 19:35:52 INFO  CertificateController:38 - Successfully found all certificates by user: admin@gmail.com
    2022-06-14 19:38:38 INFO  CertificateController:38 - Successfully found all certificates by user: admin@gmail.com
    2022-06-14 19:41:07 INFO  CertificateController:38 - Successfully found all certificates by user: admin@gmail.com
    2022-06-14 19:41:19 INFO  CertificateController:38 - Successfully found all certificates by user: admin@gmail.com
    2022-06-14 19:42:49 INFO  CertificateController:38 - Successfully found all certificates by user: admin@gmail.com
    2022-06-14 19:44:23 INFO  CertificateController:38 - Successfully found all certificates by user: admin@gmail.com
    2022-06-14 19:46:29 INFO  CertificateController:38 - Successfully found all certificates by user: admin@gmail.com
    2022-06-14 19:46:32 INFO  CertificateController:38 - Successfully found all certificates by user: admin@gmail.com
    2022-06-14 19:46:32 INFO  CertificateController:38 - Successfully found all certificates by user: admin@gmail.com
    2022-06-14 19:46:33 INFO  CertificateController:38 - Successfully found all certificates by user: admin@gmail.com
    2022-06-14 19:46:34 INFO  CertificateController:38 - Successfully found all certificates by user: admin@gmail.com
    2022-06-14 19:46:35 INFO  CertificateController:38 - Successfully found all certificates by user: admin@gmail.com
    2022-06-14 19:46:35 INFO  CertificateController:38 - Successfully found all certificates by user: admin@gmail.com
    2022-06-14 21:39:59 INFO  CertificateController:38 - Successfully found all certificates by user: admin@gmail.com
    2022-06-14 21:40:56 INFO  CertificateController:102 - Successfully found all roots and ca certificates by user: admin@gmail.com
    2022-06-14 21:40:56 INFO  UserController:60 - Successfully found all users by user: admin@gmail.com
    2022-06-14 21:40:56 INFO  UserController:68 - Successfully found user with email: admin@gmail.com
    2022-06-14 21:41:19 INFO  CertificateController:94 - Successfully created self signed certificate! Logged user: admin@gmail.com
    2022-06-14 21:41:26 INFO  CertificateController:38 - Successfully found all certificates by user: admin@gmail.com
    2022-06-14 21:41:44 INFO  UserController:68 - Successfully found user with email: admin@gmail.com
    2022-06-14 21:41:44 INFO  CertificateController:102 - Successfully found all roots and ca certificates by user: admin@gmail.com
    2022-06-14 21:41:45 INFO  UserController:60 - Successfully found all users by user: admin@gmail.com
    2022-06-14 21:41:46 INFO  CertificateController:38 - Successfully found all certificates by user: admin@gmail.com
    2022-06-14 21:44:38 INFO  CertificateController:38 - Successfully found all certificates by user: admin@gmail.com
    2022-06-14 21:44:55 INFO  CertificateController:38 - Successfully found all certificates by user: admin@gmail.com
    2022-06-14 21:45:51 INFO  CertificateController:102 - Successfully found all roots and ca certificates by user: admin@gmail.com
    2022-06-14 21:45:51 INFO  UserController:68 - Successfully found user with email: admin@gmail.com
    2022-06-14 21:45:51 INFO  UserController:60 - Successfully found all users by user: admin@gmail.com
    2022-06-14 21:45:56 INFO  CertificateController:38 - Successfully found all certificates by user: admin@gmail.com
    2022-06-14 21:46:01 INFO  UserController:68 - Successfully found user with email: admin@gmail.com
    2022-06-14 21:46:01 INFO  CertificateController:102 - Successfully found all roots and ca certificates by user: admin@gmail.com
    2022-06-14 21:46:01 INFO  UserController:60 - Successfully found all users by user: admin@gmail.com
    2022-06-14 21:46:20 INFO  CertificateController:94 - Successfully created self signed certificate! Logged user: admin@gmail.com
    2022-06-14 21:46:22 INFO  CertificateController:38 - Successfully found all certificates by user: admin@gmail.com
    2022-06-14 21:47:50 INFO  CertificateController:38 - Successfully found all certificates by user: admin@gmail.com
    2022-06-14 21:47:52 INFO  CertificateController:38 - Successfully found all certificates by user: admin@gmail.com
    2022-06-14 21:47:57 INFO  CertificateController:102 - Successfully found all roots and ca certificates by user: admin@gmail.com
    2022-06-14 21:47:57 INFO  UserController:68 - Successfully found user with email: admin@gmail.com
    2022-06-14 21:47:57 INFO  UserController:60 - Successfully found all users by user: admin@gmail.com
    2022-06-14 22:53:03 INFO  CertificateController:38 - Successfully found all certificates by user: admin@gmail.com
    2022-06-14 22:53:12 INFO  UserController:68 - Successfully found user with email: admin@gmail.com
    2022-06-14 22:53:12 INFO  CertificateController:102 - Successfully found all roots and ca certificates by user: admin@gmail.com
    2022-06-14 22:53:12 INFO  UserController:60 - Successfully found all users by user: admin@gmail.com
    2022-06-14 22:53:35 INFO  CertificateController:94 - Successfully created self signed certificate! Logged user: admin@gmail.com
    2022-06-14 22:53:37 INFO  CertificateController:38 - Successfully found all certificates by user: admin@gmail.com
    2022-06-14 22:53:39 INFO  CertificateController:66 - Successfully found certificate with id: 1by user: admin@gmail.com
    2022-06-14 22:53:39 INFO  UserController:68 - Successfully found user with email: admin@gmail.com
    2022-06-14 22:53:39 INFO  CertificateController:160 - Successfully found certificate with serialNumber1171A0B26D0941308114387EAD32FCCE  by user: admin@gmail.com
    2022-06-14 22:53:39 INFO  CertificateController:152 - Successfully found issuer email with serialNumber1171A0B26D0941308114387EAD32FCCE  by user: admin@gmail.com
    2022-06-14 23:00:35 INFO  CertificateController:38 - Successfully found all certificates by user: admin@gmail.com
    2022-06-14 23:01:22 INFO  CertificateController:38 - Successfully found all certificates by user: admin@gmail.com
    2022-06-14 23:02:57 INFO  CertificateController:38 - Successfully found all certificates by user: admin@gmail.com
    2022-06-14 23:04:18 INFO  CertificateController:38 - Successfully found all certificates by user: admin@gmail.com
    2022-06-14 23:21:05 INFO  CertificateController:38 - Successfully found all certificates by user: admin@gmail.com
    2022-06-14 23:33:40 INFO  CertificateController:38 - Successfully found all certificates by user: admin@gmail.com
    2022-06-14 23:36:53 INFO  CertificateController:102 - Successfully found all roots and ca certificates by user: admin@gmail.com
    2022-06-14 23:36:53 INFO  UserController:60 - Successfully found all users by user: admin@gmail.com
    2022-06-14 23:36:53 INFO  UserController:68 - Successfully found user with email: admin@gmail.com
    2022-06-14 23:37:28 INFO  CertificateController:94 - Successfully created self signed certificate! Logged user: admin@gmail.com
    2022-06-14 23:37:30 INFO  CertificateController:38 - Successfully found all certificates by user: admin@gmail.com
    2022-06-14 23:37:32 INFO  CertificateController:38 - Successfully found all certificates by user: admin@gmail.com
    2022-06-15 00:05:10 INFO  CertificateController:38 - Successfully found all certificates by user: admin@gmail.com
    2022-06-15 00:05:36 INFO  CertificateController:38 - Successfully found all certificates by user: admin@gmail.com
    2022-06-15 14:37:59 INFO  CertificateController:38 - Successfully found all certificates by user: admin@gmail.com
    2022-06-15 14:38:23 INFO  CertificateController:102 - Successfully found all roots and ca certificates by user: admin@gmail.com
    2022-06-15 14:38:23 INFO  UserController:60 - Successfully found all users by user: admin@gmail.com
    2022-06-15 14:38:23 INFO  UserController:68 - Successfully found user with email: admin@gmail.com
    2022-06-15 15:07:57 INFO  CertificateController:38 - Successfully found all certificates by user: admin@gmail.com
    2022-06-15 15:08:26 INFO  CertificateController:38 - Successfully found all certificates by user: admin@gmail.com
    2022-06-15 15:41:54 INFO  CertificateController:38 - Successfully found all certificates by user: admin@gmail.com
    2022-06-15 15:41:57 INFO  CertificateController:102 - Successfully found all roots and ca certificates by user: admin@gmail.com
    2022-06-15 15:41:57 INFO  UserController:68 - Successfully found user with email: admin@gmail.com
    2022-06-15 15:41:57 INFO  UserController:60 - Successfully found all users by user: admin@gmail.com
    2022-06-15 15:42:10 INFO  CertificateController:94 - Successfully created self signed certificate! Logged user: admin@gmail.com
    2022-06-15 15:42:12 INFO  CertificateController:38 - Successfully found all certificates by user: admin@gmail.com
    2022-06-15 15:42:13 INFO  CertificateController:66 - Successfully found certificate with id: 1by user: admin@gmail.com
    2022-06-15 15:42:13 INFO  UserController:68 - Successfully found user with email: admin@gmail.com
    2022-06-15 15:42:13 INFO  CertificateController:160 - Successfully found certificate with serialNumberF286FAE4F2124BF9BCA3A3F47E0FB0F6  by user: admin@gmail.com
    2022-06-15 15:42:13 INFO  CertificateController:152 - Successfully found issuer email with serialNumberF286FAE4F2124BF9BCA3A3F47E0FB0F6  by user: admin@gmail.com
    {"level":"INFO","timestamp":"2022-06-17 20:40:42,587","file":"UserServiceImpl.java", "line":"100","message":"Verification email is sent!"}
   {"level":"INFO","timestamp":"2022-06-17 20:40:42,606","file":"AuthController.java", "line":"58","message":"Successful registration with email: teodora.maruna@gmail.com. User id: 3"}
   {"level":"INFO","timestamp":"2022-06-17 20:40:49,864","file":"AuthController.java", "line":"81","message":"Successfully activated account by user with email: teodora.maruna@gmail.com"}
   {"level":"INFO","timestamp":"2022-06-17 20:41:05,393","file":"AuthController.java", "line":"119","message":"Successful login. User: teodora.maruna@gmail.com , ip address: 0:0:0:0:0:0:0:1"}
   {"level":"INFO","timestamp":"2022-06-17 20:41:05,460","file":"UserController.java", "line":"88","message":"Successfully found user with email: teodora.maruna@gmail.com"}
   {"level":"INFO","timestamp":"2022-06-17 20:41:05,488","file":"CertificateController.java", "line":"52","message":"Successfully found all certificatesfor user with id:3by user: teodora.maruna@gmail.com"}
   {"level":"INFO","timestamp":"2022-06-17 20:41:09,937","file":"UserController.java", "line":"88","message":"Successfully found user with email: teodora.maruna@gmail.com"}
   {"level":"INFO","timestamp":"2022-06-17 20:41:09,949","file":"CertificateController.java", "line":"52","message":"Successfully found all certificatesfor user with id:3by user: teodora.maruna@gmail.com"}
   {"level":"INFO","timestamp":"2022-06-17 20:44:44,056","file":"UserServiceImpl.java", "line":"100","message":"Verification email is sent!"}
   {"level":"INFO","timestamp":"2022-06-17 20:44:44,105","file":"AuthController.java", "line":"58","message":"Successful registration with email: teodora.maruna@gmail.com. User id: 3"}
   {"level":"INFO","timestamp":"2022-06-17 20:44:47,413","file":"UserServiceImpl.java", "line":"100","message":"Verification email is sent!"}
   {"level":"INFO","timestamp":"2022-06-17 20:45:46,976","file":"UserServiceImpl.java", "line":"100","message":"Verification email is sent!"}
   {"level":"INFO","timestamp":"2022-06-17 20:45:46,990","file":"AuthController.java", "line":"58","message":"Successful registration with email: maruna.teodora@gmail.com. User id: 5"}
   {"level":"INFO","timestamp":"2022-06-17 20:45:57,141","file":"AuthController.java", "line":"81","message":"Successfully activated account by user with email: maruna.teodora@gmail.com"}
   {"level":"INFO","timestamp":"2022-06-17 20:46:10,831","file":"AuthController.java", "line":"119","message":"Successful login. User: maruna.teodora@gmail.com , ip address: 0:0:0:0:0:0:0:1"}
   {"level":"INFO","timestamp":"2022-06-17 20:46:10,884","file":"UserController.java", "line":"88","message":"Successfully found user with email: maruna.teodora@gmail.com"}
   {"level":"INFO","timestamp":"2022-06-17 20:46:10,909","file":"CertificateController.java", "line":"52","message":"Successfully found all certificatesfor user with id:5by user: maruna.teodora@gmail.com"}
   {"level":"INFO","timestamp":"2022-06-17 20:46:27,490","file":"AuthController.java", "line":"119","message":"Successful login. User: admin@gmail.com , ip address: 0:0:0:0:0:0:0:1"}
   {"level":"INFO","timestamp":"2022-06-17 20:46:27,509","file":"CertificateController.java", "line":"45","message":"Successfully found all certificates by user: admin@gmail.com"}
   {"level":"INFO","timestamp":"2022-06-17 20:46:32,394","file":"UserController.java", "line":"88","message":"Successfully found user with email: admin@gmail.com"}
   {"level":"INFO","timestamp":"2022-06-17 20:46:32,407","file":"UserController.java", "line":"73","message":"Successfully found all users by user: admin@gmail.com"}
   {"level":"INFO","timestamp":"2022-06-17 20:46:32,410","file":"CertificateController.java", "line":"117","message":"Successfully found all roots and ca certificates by user: admin@gmail.com"}
   {"level":"INFO","timestamp":"2022-06-17 20:46:50,239","file":"CertificateController.java", "line":"109","message":"Successfully created self signed certificate! Logged user: admin@gmail.com"}
   {"level":"INFO","timestamp":"2022-06-17 20:46:51,698","file":"CertificateController.java", "line":"45","message":"Successfully found all certificates by user: admin@gmail.com"}
   {"level":"INFO","timestamp":"2022-06-17 20:46:53,057","file":"UserController.java", "line":"88","message":"Successfully found user with email: admin@gmail.com"}
   {"level":"INFO","timestamp":"2022-06-17 20:46:53,064","file":"CertificateController.java", "line":"81","message":"Successfully found certificate with id: 1by user: admin@gmail.com"}
   {"level":"INFO","timestamp":"2022-06-17 20:46:53,077","file":"CertificateController.java", "line":"184","message":"Successfully found certificate with serialNumber5EC35D5247474FB89FBEB36A10AA1D48  by user: admin@gmail.com"}
   {"level":"INFO","timestamp":"2022-06-17 20:46:53,080","file":"CertificateController.java", "line":"175","message":"Successfully found issuer email with serialNumber5EC35D5247474FB89FBEB36A10AA1D48  by user: admin@gmail.com"}
   